Arguments: 
  C:\Program Files\nodejs\node.exe C:\Users\dingjian\AppData\Roaming\npm\node_modules\yarn\bin\yarn.js add prop-types

PATH: 
  D:\xftp6\;C:\Windows\system32;C:\Windows;C:\Windows\System32\Wbem;C:\Windows\System32\WindowsPowerShell\v1.0\;C:\Windows\System32\OpenSSH\;C:\Program Files (x86)\NVIDIA Corporation\PhysX\Common;C:\Program Files\NVIDIA Corporation\NVIDIA NGX;C:\Program Files\NVIDIA Corporation\NVIDIA NvDLISR;C:\Program Files\Git\cmd;C:\Program Files\nodejs\;C:\Program Files\TortoiseSVN\bin;C:\Users\dingjian\AppData\Local\Microsoft\WindowsApps;;D:\Program Files (x86)\Microsoft VS Code\bin;C:\Users\dingjian\AppData\Roaming\npm

Yarn version: 
  1.19.1

Node version: 
  12.10.0

Platform: 
  win32 x64

Trace: 
  Error: ENOENT: no such file or directory, copyfile 'C:\Users\dingjian\AppData\Local\Yarn\Cache\v6\npm-path-exists-2.1.0-0feb6c64f0fc518d9a754dd5efb62c7022761f4b-integrity\node_modules\path-exists\package.json' -> 'D:\bilibli\webpack_base\node_modules\read-pkg-up\node_modules\path-exists\package.json'

npm manifest: 
  {
    "name": "webpack_base",
    "version": "1.0.0",
    "description": "",
    "main": "index.js",
    "scripts": {
      "test": "echo \"Error: no test specified\" && exit 1",
      "dev": "webpack-dev-server --port 3000 --hot --host 127.0.0.1"
    },
    "keywords": [],
    "author": "",
    "license": "ISC",
    "devDependencies": {
      "babel-core": "^6.26.3",
      "babel-loader": "^7.1.5",
      "babel-plugin-transform-runtime": "^6.23.0",
      "babel-preset-env": "^1.7.0",
      "babel-preset-react": "^6.24.1",
      "babel-preset-stage-0": "^6.24.1",
      "css-loader": "^3.2.0",
      "file-loader": "^4.2.0",
      "html-webpack-plugin": "^3.2.0",
      "node-sass": "^4.13.0",
      "sass-loader": "^8.0.0",
      "style-loader": "^1.0.0",
      "url-loader": "^2.2.0",
      "webpack": "^4.41.2",
      "webpack-cli": "^3.3.9",
      "webpack-dev-server": "^3.9.0"
    },
    "dependencies": {
      "bootstrap": "^3.3.7",
      "react": "^16.11.0",
      "react-dom": "^16.11.0"
    }
  }

yarn manifest: 
  No manifest

Lockfile: 
  No lockfile
